2024.01.03 22:06:41 INFO  Started: Metals version 1.2.0 in folders 'C:\Users\90541\Documents\Huffman-Encoding' for client Visual Studio Code 1.85.1.
2024.01.03 22:06:46 INFO  no build target found for C:\Users\90541\Documents\Huffman-Encoding\src\main\Huffman.scala. Using presentation compiler with project's scala-library version: 3.3.1
2024.01.03 22:06:47 INFO  Running List(C:\Users\90541\AppData\Local\Coursier\data\bin\scala-cli.BAT, setup-ide, C:\Users\90541\Documents\Huffman-Encoding)
2024.01.03 22:06:47 INFO  Attempting to connect to the build server...
2024.01.03 22:06:47 INFO  Running BSP server List(C:\Users\90541\AppData\Local\Coursier\data\bin\.scala-cli.aux.exe, bsp, --json-options, C:\Users\90541\Documents\Huffman-Encoding\.scala-build\ide-options-v2.json, C:\Users\90541\Documents\Huffman-Encoding)
2024.01.03 22:06:47 INFO  tracing is disabled for protocol BSP, to enable tracing of incoming and outgoing JSON messages create an empty file at C:\Users\90541\Documents\Huffman-Encoding\.metals\bsp.trace.json or C:\Users\90541\AppData\Local\scalameta\metals\cache\bsp.trace.json
2024.01.03 22:06:50 INFO  BSP server: Starting compilation server
2024.01.03 22:06:53 INFO  time: Connected to build server in 5.97s
2024.01.03 22:06:53 INFO  Connected to Build server: scala-cli v1.1.0
2024.01.03 22:06:53 INFO  time: Imported build in 0.2s
2024.01.03 22:06:53 INFO  compiling huffman-encoding_bd2c96d2de (3 scala sources)
2024.01.03 22:06:55 INFO  time: indexed workspace in 2.26s
2024.01.03 22:07:00 INFO  time: compiled Huffman-Encoding_bd2c96d2de in 6.21s
2024.01.03 22:08:09 WARN  no build target for: C:\Users\90541\Documents\Huffman-Encoding\src\test\HufmanTest.scala
2024.01.03 22:08:09 WARN  Could not find semantic tokens for: file:///C:/Users/90541/Documents/Huffman-Encoding/src/test/HufmanTest.scala
2024.01.03 22:08:10 INFO  compiling huffman-encoding_bd2c96d2de-test (1 scala source)
2024.01.03 22:08:10 INFO  time: compiled Huffman-Encoding_bd2c96d2de-test in 0.12s
2024.01.03 22:08:09 WARN  Could not find semantic tokens for: file:///C:/Users/90541/Documents/Huffman-Encoding/src/test/HufmanTest.scala
2024.01.03 22:08:11 INFO  time: indexed workspace in 1.11s
2024.01.03 22:08:12 WARN  Could not find semantic tokens for: file:///C:/Users/90541/Documents/Huffman-Encoding/src/test/HufmanTest.scala
2024.01.03 22:08:18 INFO  compiling huffman-encoding_bd2c96d2de-test (1 scala source)
2024.01.03 22:08:18 INFO  time: compiled Huffman-Encoding_bd2c96d2de-test in 0.89s
2024.01.03 22:09:33 INFO  compiling huffman-encoding_bd2c96d2de-test (1 scala source)
2024.01.03 22:09:33 INFO  time: compiled Huffman-Encoding_bd2c96d2de-test in 0.61s
2024.01.03 22:09:36 INFO  Cancelling compilation on scala-cli server
2024.01.03 22:09:38 INFO  time: indexed workspace in 1.83s
2024.01.03 22:12:04 INFO  compiling huffman-encoding_bd2c96d2de (3 scala sources)
2024.01.03 22:12:06 INFO  time: indexed workspace in 2.23s
2024.01.03 22:12:06 INFO  no build target found for c:\Users\90541\Documents\Huffman-Encoding\src\main\Huffman.scala. Using presentation compiler with project's scala-library version: 3.3.1
2024.01.03 22:12:06 INFO  time: compiled Huffman-Encoding_bd2c96d2de in 2.46s
2024.01.03 22:12:06 WARN  no build target for: C:\Users\90541\Documents\Huffman-Encoding\src\main\Huffman.scala
2024.01.03 22:15:36 WARN  no build target for: C:\Users\90541\Documents\Huffman-Encoding\src\test\scala\test.scala
2024.01.03 22:15:36 WARN  Could not find semantic tokens for: file:///C:/Users/90541/Documents/Huffman-Encoding/src/test/scala/test.scala
2024.01.03 22:15:36 INFO  compiling huffman-encoding_bd2c96d2de-test (1 scala source)
2024.01.03 22:15:36 INFO  time: compiled Huffman-Encoding_bd2c96d2de-test in 56ms
2024.01.03 22:15:36 WARN  Could not find semantic tokens for: file:///C:/Users/90541/Documents/Huffman-Encoding/src/test/scala/test.scala
2024.01.03 22:15:37 INFO  time: indexed workspace in 1.07s
2024.01.03 22:15:39 WARN  Could not find semantic tokens for: file:///C:/Users/90541/Documents/Huffman-Encoding/src/test/scala/test.scala
2024.01.03 22:15:56 INFO  compiling huffman-encoding_bd2c96d2de-test (1 scala source)
2024.01.03 22:15:56 INFO  time: compiled Huffman-Encoding_bd2c96d2de-test in 0.39s
Jan 03, 2024 10:16:15 PM scala.meta.internal.mtags.SymbolIndexBucket addMtagsSourceFile
WARNING: Error indexing C:\Users\90541\Documents\Huffman-Encoding\src\test\HufmanTest.scala
java.nio.file.NoSuchFileException: C:\Users\90541\Documents\Huffman-Encoding\src\test\HufmanTest.scala
	at java.base/sun.nio.fs.WindowsException.translateToIOException(WindowsException.java:85)
	at java.base/sun.nio.fs.WindowsException.rethrowAsIOException(WindowsException.java:103)
	at java.base/sun.nio.fs.WindowsException.rethrowAsIOException(WindowsException.java:108)
	at java.base/sun.nio.fs.WindowsFileSystemProvider.newByteChannel(WindowsFileSystemProvider.java:236)
	at java.base/java.nio.file.Files.newByteChannel(Files.java:380)
	at java.base/java.nio.file.Files.newByteChannel(Files.java:432)
	at java.base/java.nio.file.Files.readAllBytes(Files.java:3288)
	at scala.meta.internal.io.PlatformFileIO$.slurp(PlatformFileIO.scala:45)
	at scala.meta.internal.io.FileIO$.slurp(FileIO.scala:24)
	at scala.meta.internal.mtags.ScalametaCommonEnrichments$XtensionAbsolutePath.toInput(ScalametaCommonEnrichments.scala:415)
	at scala.meta.internal.mtags.Mtags.index(Mtags.scala:67)
	at scala.meta.internal.mtags.Mtags.allSymbols(Mtags.scala:21)
	at scala.meta.internal.mtags.SymbolIndexBucket.allSymbols(SymbolIndexBucket.scala:242)
	at scala.meta.internal.mtags.SymbolIndexBucket.addMtagsSourceFile(SymbolIndexBucket.scala:253)
	at scala.meta.internal.mtags.SymbolIndexBucket.$anonfun$query0$1(SymbolIndexBucket.scala:168)
	at scala.meta.internal.mtags.SymbolIndexBucket.$anonfun$query0$1$adapted(SymbolIndexBucket.scala:168)
	at scala.collection.immutable.Set$Set2.foreach(Set.scala:210)
	at scala.meta.internal.mtags.SymbolIndexBucket.query0(SymbolIndexBucket.scala:168)
	at scala.meta.internal.mtags.SymbolIndexBucket.query(SymbolIndexBucket.scala:141)
	at scala.meta.internal.mtags.OnDemandSymbolIndex.$anonfun$findSymbolDefinition$1(OnDemandSymbolIndex.scala:141)
	at scala.collection.immutable.List.flatMap(List.scala:293)
	at scala.meta.internal.mtags.OnDemandSymbolIndex.findSymbolDefinition(OnDemandSymbolIndex.scala:141)
	at scala.meta.internal.mtags.OnDemandSymbolIndex.definition(OnDemandSymbolIndex.scala:48)
	at scala.meta.internal.metals.Docstrings.indexSymbol(Docstrings.scala:118)
	at scala.meta.internal.metals.Docstrings.documentation(Docstrings.scala:44)
	at scala.meta.internal.metals.MetalsSymbolSearch.documentation(MetalsSymbolSearch.scala:43)
	at scala.meta.internal.mtags.MtagsEnrichments$.symbolDocumentation(MtagsEnrichments.scala:253)
	at scala.meta.internal.pc.HoverProvider$.$anonfun$3(HoverProvider.scala:137)
	at scala.collection.immutable.List.flatMap(List.scala:293)
	at scala.meta.internal.pc.HoverProvider$.hover(HoverProvider.scala:137)
	at scala.meta.internal.pc.ScalaPresentationCompiler.hover$$anonfun$1(ScalaPresentationCompiler.scala:342)
	at scala.meta.internal.pc.CompilerAccess.withSharedCompiler(CompilerAccess.scala:146)
	at scala.meta.internal.pc.CompilerAccess.withNonInterruptableCompiler$$anonfun$1(CompilerAccess.scala:132)
	at scala.meta.internal.pc.CompilerAccess.onCompilerJobQueue$$anonfun$1(CompilerAccess.scala:232)
	at scala.meta.internal.pc.CompilerJobQueue$Job.run(CompilerJobQueue.scala:152)
	at java.base/java.util.concurrent.ThreadPoolExecutor.runWorker(ThreadPoolExecutor.java:1136)
	at java.base/java.util.concurrent.ThreadPoolExecutor$Worker.run(ThreadPoolExecutor.java:635)
	at java.base/java.lang.Thread.run(Thread.java:833)

Jan 03, 2024 10:16:15 PM scala.meta.internal.mtags.SymbolIndexBucket addMtagsSourceFile
WARNING: Error indexing C:\Users\90541\Documents\Huffman-Encoding\src\test\HufmanTest.scala
java.nio.file.NoSuchFileException: C:\Users\90541\Documents\Huffman-Encoding\src\test\HufmanTest.scala
	at java.base/sun.nio.fs.WindowsException.translateToIOException(WindowsException.java:85)
	at java.base/sun.nio.fs.WindowsException.rethrowAsIOException(WindowsException.java:103)
	at java.base/sun.nio.fs.WindowsException.rethrowAsIOException(WindowsException.java:108)
	at java.base/sun.nio.fs.WindowsFileSystemProvider.newByteChannel(WindowsFileSystemProvider.java:236)
	at java.base/java.nio.file.Files.newByteChannel(Files.java:380)
	at java.base/java.nio.file.Files.newByteChannel(Files.java:432)
	at java.base/java.nio.file.Files.readAllBytes(Files.java:3288)
	at scala.meta.internal.io.PlatformFileIO$.slurp(PlatformFileIO.scala:45)
	at scala.meta.internal.io.FileIO$.slurp(FileIO.scala:24)
	at scala.meta.internal.mtags.ScalametaCommonEnrichments$XtensionAbsolutePath.toInput(ScalametaCommonEnrichments.scala:415)
	at scala.meta.internal.mtags.Mtags.index(Mtags.scala:67)
	at scala.meta.internal.mtags.Mtags.allSymbols(Mtags.scala:21)
	at scala.meta.internal.mtags.SymbolIndexBucket.allSymbols(SymbolIndexBucket.scala:242)
	at scala.meta.internal.mtags.SymbolIndexBucket.addMtagsSourceFile(SymbolIndexBucket.scala:253)
	at scala.meta.internal.mtags.SymbolIndexBucket.addMtagsSourceFile(SymbolIndexBucket.scala:264)
	at scala.meta.internal.mtags.SymbolIndexBucket.$anonfun$query0$1(SymbolIndexBucket.scala:168)
	at scala.meta.internal.mtags.SymbolIndexBucket.$anonfun$query0$1$adapted(SymbolIndexBucket.scala:168)
	at scala.collection.immutable.Set$Set2.foreach(Set.scala:210)
	at scala.meta.internal.mtags.SymbolIndexBucket.query0(SymbolIndexBucket.scala:168)
	at scala.meta.internal.mtags.SymbolIndexBucket.query(SymbolIndexBucket.scala:141)
	at scala.meta.internal.mtags.OnDemandSymbolIndex.$anonfun$findSymbolDefinition$1(OnDemandSymbolIndex.scala:141)
	at scala.collection.immutable.List.flatMap(List.scala:293)
	at scala.meta.internal.mtags.OnDemandSymbolIndex.findSymbolDefinition(OnDemandSymbolIndex.scala:141)
	at scala.meta.internal.mtags.OnDemandSymbolIndex.definition(OnDemandSymbolIndex.scala:48)
	at scala.meta.internal.metals.Docstrings.indexSymbol(Docstrings.scala:118)
	at scala.meta.internal.metals.Docstrings.documentation(Docstrings.scala:44)
	at scala.meta.internal.metals.MetalsSymbolSearch.documentation(MetalsSymbolSearch.scala:43)
	at scala.meta.internal.mtags.MtagsEnrichments$.symbolDocumentation(MtagsEnrichments.scala:253)
	at scala.meta.internal.pc.HoverProvider$.$anonfun$3(HoverProvider.scala:137)
	at scala.collection.immutable.List.flatMap(List.scala:293)
	at scala.meta.internal.pc.HoverProvider$.hover(HoverProvider.scala:137)
	at scala.meta.internal.pc.ScalaPresentationCompiler.hover$$anonfun$1(ScalaPresentationCompiler.scala:342)
	at scala.meta.internal.pc.CompilerAccess.withSharedCompiler(CompilerAccess.scala:146)
	at scala.meta.internal.pc.CompilerAccess.withNonInterruptableCompiler$$anonfun$1(CompilerAccess.scala:132)
	at scala.meta.internal.pc.CompilerAccess.onCompilerJobQueue$$anonfun$1(CompilerAccess.scala:232)
	at scala.meta.internal.pc.CompilerJobQueue$Job.run(CompilerJobQueue.scala:152)
	at java.base/java.util.concurrent.ThreadPoolExecutor.runWorker(ThreadPoolExecutor.java:1136)
	at java.base/java.util.concurrent.ThreadPoolExecutor$Worker.run(ThreadPoolExecutor.java:635)
	at java.base/java.lang.Thread.run(Thread.java:833)

Jan 03, 2024 10:16:15 PM scala.meta.internal.mtags.SymbolIndexBucket addMtagsSourceFile
WARNING: Error indexing C:\Users\90541\Documents\Huffman-Encoding\src\test\HufmanTest.scala
java.nio.file.NoSuchFileException: C:\Users\90541\Documents\Huffman-Encoding\src\test\HufmanTest.scala
	at java.base/sun.nio.fs.WindowsException.translateToIOException(WindowsException.java:85)
	at java.base/sun.nio.fs.WindowsException.rethrowAsIOException(WindowsException.java:103)
	at java.base/sun.nio.fs.WindowsException.rethrowAsIOException(WindowsException.java:108)
	at java.base/sun.nio.fs.WindowsFileSystemProvider.newByteChannel(WindowsFileSystemProvider.java:236)
	at java.base/java.nio.file.Files.newByteChannel(Files.java:380)
	at java.base/java.nio.file.Files.newByteChannel(Files.java:432)
	at java.base/java.nio.file.Files.readAllBytes(Files.java:3288)
	at scala.meta.internal.io.PlatformFileIO$.slurp(PlatformFileIO.scala:45)
	at scala.meta.internal.io.FileIO$.slurp(FileIO.scala:24)
	at scala.meta.internal.mtags.ScalametaCommonEnrichments$XtensionAbsolutePath.toInput(ScalametaCommonEnrichments.scala:415)
	at scala.meta.internal.mtags.Mtags.index(Mtags.scala:67)
	at scala.meta.internal.mtags.Mtags.allSymbols(Mtags.scala:21)
	at scala.meta.internal.mtags.SymbolIndexBucket.allSymbols(SymbolIndexBucket.scala:242)
	at scala.meta.internal.mtags.SymbolIndexBucket.addMtagsSourceFile(SymbolIndexBucket.scala:253)
	at scala.meta.internal.mtags.SymbolIndexBucket.$anonfun$query0$1(SymbolIndexBucket.scala:168)
	at scala.meta.internal.mtags.SymbolIndexBucket.$anonfun$query0$1$adapted(SymbolIndexBucket.scala:168)
	at scala.collection.immutable.Set$Set2.foreach(Set.scala:210)
	at scala.meta.internal.mtags.SymbolIndexBucket.query0(SymbolIndexBucket.scala:168)
	at scala.meta.internal.mtags.SymbolIndexBucket.$anonfun$query0$8(SymbolIndexBucket.scala:191)
	at scala.collection.immutable.List.flatMap(List.scala:293)
	at scala.meta.internal.mtags.SymbolIndexBucket.query0(SymbolIndexBucket.scala:191)
	at scala.meta.internal.mtags.SymbolIndexBucket.query(SymbolIndexBucket.scala:141)
	at scala.meta.internal.mtags.OnDemandSymbolIndex.$anonfun$findSymbolDefinition$1(OnDemandSymbolIndex.scala:141)
	at scala.collection.immutable.List.flatMap(List.scala:293)
	at scala.meta.internal.mtags.OnDemandSymbolIndex.findSymbolDefinition(OnDemandSymbolIndex.scala:141)
	at scala.meta.internal.mtags.OnDemandSymbolIndex.definition(OnDemandSymbolIndex.scala:48)
	at scala.meta.internal.metals.Docstrings.indexSymbol(Docstrings.scala:118)
	at scala.meta.internal.metals.Docstrings.documentation(Docstrings.scala:44)
	at scala.meta.internal.metals.MetalsSymbolSearch.documentation(MetalsSymbolSearch.scala:43)
	at scala.meta.internal.mtags.MtagsEnrichments$.symbolDocumentation(MtagsEnrichments.scala:253)
	at scala.meta.internal.pc.HoverProvider$.$anonfun$3(HoverProvider.scala:137)
	at scala.collection.immutable.List.flatMap(List.scala:293)
	at scala.meta.internal.pc.HoverProvider$.hover(HoverProvider.scala:137)
	at scala.meta.internal.pc.ScalaPresentationCompiler.hover$$anonfun$1(ScalaPresentationCompiler.scala:342)
	at scala.meta.internal.pc.CompilerAccess.withSharedCompiler(CompilerAccess.scala:146)
	at scala.meta.internal.pc.CompilerAccess.withNonInterruptableCompiler$$anonfun$1(CompilerAccess.scala:132)
	at scala.meta.internal.pc.CompilerAccess.onCompilerJobQueue$$anonfun$1(CompilerAccess.scala:232)
	at scala.meta.internal.pc.CompilerJobQueue$Job.run(CompilerJobQueue.scala:152)
	at java.base/java.util.concurrent.ThreadPoolExecutor.runWorker(ThreadPoolExecutor.java:1136)
	at java.base/java.util.concurrent.ThreadPoolExecutor$Worker.run(ThreadPoolExecutor.java:635)
	at java.base/java.lang.Thread.run(Thread.java:833)

Jan 03, 2024 10:16:15 PM scala.meta.internal.mtags.SymbolIndexBucket addMtagsSourceFile
WARNING: Error indexing C:\Users\90541\Documents\Huffman-Encoding\src\test\HufmanTest.scala
java.nio.file.NoSuchFileException: C:\Users\90541\Documents\Huffman-Encoding\src\test\HufmanTest.scala
	at java.base/sun.nio.fs.WindowsException.translateToIOException(WindowsException.java:85)
	at java.base/sun.nio.fs.WindowsException.rethrowAsIOException(WindowsException.java:103)
	at java.base/sun.nio.fs.WindowsException.rethrowAsIOException(WindowsException.java:108)
	at java.base/sun.nio.fs.WindowsFileSystemProvider.newByteChannel(WindowsFileSystemProvider.java:236)
	at java.base/java.nio.file.Files.newByteChannel(Files.java:380)
	at java.base/java.nio.file.Files.newByteChannel(Files.java:432)
	at java.base/java.nio.file.Files.readAllBytes(Files.java:3288)
	at scala.meta.internal.io.PlatformFileIO$.slurp(PlatformFileIO.scala:45)
	at scala.meta.internal.io.FileIO$.slurp(FileIO.scala:24)
	at scala.meta.internal.mtags.ScalametaCommonEnrichments$XtensionAbsolutePath.toInput(ScalametaCommonEnrichments.scala:415)
	at scala.meta.internal.mtags.Mtags.index(Mtags.scala:67)
	at scala.meta.internal.mtags.Mtags.allSymbols(Mtags.scala:21)
	at scala.meta.internal.mtags.SymbolIndexBucket.allSymbols(SymbolIndexBucket.scala:242)
	at scala.meta.internal.mtags.SymbolIndexBucket.addMtagsSourceFile(SymbolIndexBucket.scala:253)
	at scala.meta.internal.mtags.SymbolIndexBucket.addMtagsSourceFile(SymbolIndexBucket.scala:264)
	at scala.meta.internal.mtags.SymbolIndexBucket.$anonfun$query0$1(SymbolIndexBucket.scala:168)
	at scala.meta.internal.mtags.SymbolIndexBucket.$anonfun$query0$1$adapted(SymbolIndexBucket.scala:168)
	at scala.collection.immutable.Set$Set2.foreach(Set.scala:210)
	at scala.meta.internal.mtags.SymbolIndexBucket.query0(SymbolIndexBucket.scala:168)
	at scala.meta.internal.mtags.SymbolIndexBucket.$anonfun$query0$8(SymbolIndexBucket.scala:191)
	at scala.collection.immutable.List.flatMap(List.scala:293)
	at scala.meta.internal.mtags.SymbolIndexBucket.query0(SymbolIndexBucket.scala:191)
	at scala.meta.internal.mtags.SymbolIndexBucket.query(SymbolIndexBucket.scala:141)
	at scala.meta.internal.mtags.OnDemandSymbolIndex.$anonfun$findSymbolDefinition$1(OnDemandSymbolIndex.scala:141)
	at scala.collection.immutable.List.flatMap(List.scala:293)
	at scala.meta.internal.mtags.OnDemandSymbolIndex.findSymbolDefinition(OnDemandSymbolIndex.scala:141)
	at scala.meta.internal.mtags.OnDemandSymbolIndex.definition(OnDemandSymbolIndex.scala:48)
	at scala.meta.internal.metals.Docstrings.indexSymbol(Docstrings.scala:118)
	at scala.meta.internal.metals.Docstrings.documentation(Docstrings.scala:44)
	at scala.meta.internal.metals.MetalsSymbolSearch.documentation(MetalsSymbolSearch.scala:43)
	at scala.meta.internal.mtags.MtagsEnrichments$.symbolDocumentation(MtagsEnrichments.scala:253)
	at scala.meta.internal.pc.HoverProvider$.$anonfun$3(HoverProvider.scala:137)
	at scala.collection.immutable.List.flatMap(List.scala:293)
	at scala.meta.internal.pc.HoverProvider$.hover(HoverProvider.scala:137)
	at scala.meta.internal.pc.ScalaPresentationCompiler.hover$$anonfun$1(ScalaPresentationCompiler.scala:342)
	at scala.meta.internal.pc.CompilerAccess.withSharedCompiler(CompilerAccess.scala:146)
	at scala.meta.internal.pc.CompilerAccess.withNonInterruptableCompiler$$anonfun$1(CompilerAccess.scala:132)
	at scala.meta.internal.pc.CompilerAccess.onCompilerJobQueue$$anonfun$1(CompilerAccess.scala:232)
	at scala.meta.internal.pc.CompilerJobQueue$Job.run(CompilerJobQueue.scala:152)
	at java.base/java.util.concurrent.ThreadPoolExecutor.runWorker(ThreadPoolExecutor.java:1136)
	at java.base/java.util.concurrent.ThreadPoolExecutor$Worker.run(ThreadPoolExecutor.java:635)
	at java.base/java.lang.Thread.run(Thread.java:833)

Jan 03, 2024 10:16:15 PM scala.meta.internal.mtags.SymbolIndexBucket addMtagsSourceFile
WARNING: Error indexing C:\Users\90541\Documents\Huffman-Encoding\src\test\HufmanTest.scala
java.nio.file.NoSuchFileException: C:\Users\90541\Documents\Huffman-Encoding\src\test\HufmanTest.scala
	at java.base/sun.nio.fs.WindowsException.translateToIOException(WindowsException.java:85)
	at java.base/sun.nio.fs.WindowsException.rethrowAsIOException(WindowsException.java:103)
	at java.base/sun.nio.fs.WindowsException.rethrowAsIOException(WindowsException.java:108)
	at java.base/sun.nio.fs.WindowsFileSystemProvider.newByteChannel(WindowsFileSystemProvider.java:236)
	at java.base/java.nio.file.Files.newByteChannel(Files.java:380)
	at java.base/java.nio.file.Files.newByteChannel(Files.java:432)
	at java.base/java.nio.file.Files.readAllBytes(Files.java:3288)
	at scala.meta.internal.io.PlatformFileIO$.slurp(PlatformFileIO.scala:45)
	at scala.meta.internal.io.FileIO$.slurp(FileIO.scala:24)
	at scala.meta.internal.mtags.ScalametaCommonEnrichments$XtensionAbsolutePath.toInput(ScalametaCommonEnrichments.scala:415)
	at scala.meta.internal.mtags.Mtags.index(Mtags.scala:67)
	at scala.meta.internal.mtags.Mtags.allSymbols(Mtags.scala:21)
	at scala.meta.internal.mtags.SymbolIndexBucket.allSymbols(SymbolIndexBucket.scala:242)
	at scala.meta.internal.mtags.SymbolIndexBucket.addMtagsSourceFile(SymbolIndexBucket.scala:253)
	at scala.meta.internal.mtags.SymbolIndexBucket.$anonfun$query0$1(SymbolIndexBucket.scala:168)
	at scala.meta.internal.mtags.SymbolIndexBucket.$anonfun$query0$1$adapted(SymbolIndexBucket.scala:168)
	at scala.collection.immutable.Set$Set2.foreach(Set.scala:210)
	at scala.meta.internal.mtags.SymbolIndexBucket.query0(SymbolIndexBucket.scala:168)
	at scala.meta.internal.mtags.SymbolIndexBucket.$anonfun$query0$8(SymbolIndexBucket.scala:191)
	at scala.collection.immutable.List.flatMap(List.scala:293)
	at scala.meta.internal.mtags.SymbolIndexBucket.query0(SymbolIndexBucket.scala:191)
	at scala.meta.internal.mtags.SymbolIndexBucket.query(SymbolIndexBucket.scala:141)
	at scala.meta.internal.mtags.OnDemandSymbolIndex.$anonfun$findSymbolDefinition$1(OnDemandSymbolIndex.scala:141)
	at scala.collection.immutable.List.flatMap(List.scala:293)
	at scala.meta.internal.mtags.OnDemandSymbolIndex.findSymbolDefinition(OnDemandSymbolIndex.scala:141)
	at scala.meta.internal.mtags.OnDemandSymbolIndex.definition(OnDemandSymbolIndex.scala:48)
	at scala.meta.internal.metals.Docstrings.indexSymbol(Docstrings.scala:118)
	at scala.meta.internal.metals.Docstrings.documentation(Docstrings.scala:44)
	at scala.meta.internal.metals.MetalsSymbolSearch.documentation(MetalsSymbolSearch.scala:43)
	at scala.meta.internal.mtags.MtagsEnrichments$.symbolDocumentation(MtagsEnrichments.scala:253)
	at scala.meta.internal.pc.HoverProvider$.$anonfun$3(HoverProvider.scala:137)
	at scala.collection.immutable.List.flatMap(List.scala:293)
	at scala.meta.internal.pc.HoverProvider$.hover(HoverProvider.scala:137)
	at scala.meta.internal.pc.ScalaPresentationCompiler.hover$$anonfun$1(ScalaPresentationCompiler.scala:342)
	at scala.meta.internal.pc.CompilerAccess.withSharedCompiler(CompilerAccess.scala:146)
	at scala.meta.internal.pc.CompilerAccess.withNonInterruptableCompiler$$anonfun$1(CompilerAccess.scala:132)
	at scala.meta.internal.pc.CompilerAccess.onCompilerJobQueue$$anonfun$1(CompilerAccess.scala:232)
	at scala.meta.internal.pc.CompilerJobQueue$Job.run(CompilerJobQueue.scala:152)
	at java.base/java.util.concurrent.ThreadPoolExecutor.runWorker(ThreadPoolExecutor.java:1136)
	at java.base/java.util.concurrent.ThreadPoolExecutor$Worker.run(ThreadPoolExecutor.java:635)
	at java.base/java.lang.Thread.run(Thread.java:833)

Jan 03, 2024 10:16:15 PM scala.meta.internal.mtags.SymbolIndexBucket addMtagsSourceFile
WARNING: Error indexing C:\Users\90541\Documents\Huffman-Encoding\src\test\HufmanTest.scala
java.nio.file.NoSuchFileException: C:\Users\90541\Documents\Huffman-Encoding\src\test\HufmanTest.scala
	at java.base/sun.nio.fs.WindowsException.translateToIOException(WindowsException.java:85)
	at java.base/sun.nio.fs.WindowsException.rethrowAsIOException(WindowsException.java:103)
	at java.base/sun.nio.fs.WindowsException.rethrowAsIOException(WindowsException.java:108)
	at java.base/sun.nio.fs.WindowsFileSystemProvider.newByteChannel(WindowsFileSystemProvider.java:236)
	at java.base/java.nio.file.Files.newByteChannel(Files.java:380)
	at java.base/java.nio.file.Files.newByteChannel(Files.java:432)
	at java.base/java.nio.file.Files.readAllBytes(Files.java:3288)
	at scala.meta.internal.io.PlatformFileIO$.slurp(PlatformFileIO.scala:45)
	at scala.meta.internal.io.FileIO$.slurp(FileIO.scala:24)
	at scala.meta.internal.mtags.ScalametaCommonEnrichments$XtensionAbsolutePath.toInput(ScalametaCommonEnrichments.scala:415)
	at scala.meta.internal.mtags.Mtags.index(Mtags.scala:67)
	at scala.meta.internal.mtags.Mtags.allSymbols(Mtags.scala:21)
	at scala.meta.internal.mtags.SymbolIndexBucket.allSymbols(SymbolIndexBucket.scala:242)
	at scala.meta.internal.mtags.SymbolIndexBucket.addMtagsSourceFile(SymbolIndexBucket.scala:253)
	at scala.meta.internal.mtags.SymbolIndexBucket.addMtagsSourceFile(SymbolIndexBucket.scala:264)
	at scala.meta.internal.mtags.SymbolIndexBucket.$anonfun$query0$1(SymbolIndexBucket.scala:168)
	at scala.meta.internal.mtags.SymbolIndexBucket.$anonfun$query0$1$adapted(SymbolIndexBucket.scala:168)
	at scala.collection.immutable.Set$Set2.foreach(Set.scala:210)
	at scala.meta.internal.mtags.SymbolIndexBucket.query0(SymbolIndexBucket.scala:168)
	at scala.meta.internal.mtags.SymbolIndexBucket.$anonfun$query0$8(SymbolIndexBucket.scala:191)
	at scala.collection.immutable.List.flatMap(List.scala:293)
	at scala.meta.internal.mtags.SymbolIndexBucket.query0(SymbolIndexBucket.scala:191)
	at scala.meta.internal.mtags.SymbolIndexBucket.query(SymbolIndexBucket.scala:141)
	at scala.meta.internal.mtags.OnDemandSymbolIndex.$anonfun$findSymbolDefinition$1(OnDemandSymbolIndex.scala:141)
	at scala.collection.immutable.List.flatMap(List.scala:293)
	at scala.meta.internal.mtags.OnDemandSymbolIndex.findSymbolDefinition(OnDemandSymbolIndex.scala:141)
	at scala.meta.internal.mtags.OnDemandSymbolIndex.definition(OnDemandSymbolIndex.scala:48)
	at scala.meta.internal.metals.Docstrings.indexSymbol(Docstrings.scala:118)
	at scala.meta.internal.metals.Docstrings.documentation(Docstrings.scala:44)
	at scala.meta.internal.metals.MetalsSymbolSearch.documentation(MetalsSymbolSearch.scala:43)
	at scala.meta.internal.mtags.MtagsEnrichments$.symbolDocumentation(MtagsEnrichments.scala:253)
	at scala.meta.internal.pc.HoverProvider$.$anonfun$3(HoverProvider.scala:137)
	at scala.collection.immutable.List.flatMap(List.scala:293)
	at scala.meta.internal.pc.HoverProvider$.hover(HoverProvider.scala:137)
	at scala.meta.internal.pc.ScalaPresentationCompiler.hover$$anonfun$1(ScalaPresentationCompiler.scala:342)
	at scala.meta.internal.pc.CompilerAccess.withSharedCompiler(CompilerAccess.scala:146)
	at scala.meta.internal.pc.CompilerAccess.withNonInterruptableCompiler$$anonfun$1(CompilerAccess.scala:132)
	at scala.meta.internal.pc.CompilerAccess.onCompilerJobQueue$$anonfun$1(CompilerAccess.scala:232)
	at scala.meta.internal.pc.CompilerJobQueue$Job.run(CompilerJobQueue.scala:152)
	at java.base/java.util.concurrent.ThreadPoolExecutor.runWorker(ThreadPoolExecutor.java:1136)
	at java.base/java.util.concurrent.ThreadPoolExecutor$Worker.run(ThreadPoolExecutor.java:635)
	at java.base/java.lang.Thread.run(Thread.java:833)

Jan 03, 2024 10:16:15 PM scala.meta.internal.mtags.SymbolIndexBucket addMtagsSourceFile
WARNING: Error indexing C:\Users\90541\Documents\Huffman-Encoding\src\test\HufmanTest.scala
java.nio.file.NoSuchFileException: C:\Users\90541\Documents\Huffman-Encoding\src\test\HufmanTest.scala
	at java.base/sun.nio.fs.WindowsException.translateToIOException(WindowsException.java:85)
	at java.base/sun.nio.fs.WindowsException.rethrowAsIOException(WindowsException.java:103)
	at java.base/sun.nio.fs.WindowsException.rethrowAsIOException(WindowsException.java:108)
	at java.base/sun.nio.fs.WindowsFileSystemProvider.newByteChannel(WindowsFileSystemProvider.java:236)
	at java.base/java.nio.file.Files.newByteChannel(Files.java:380)
	at java.base/java.nio.file.Files.newByteChannel(Files.java:432)
	at java.base/java.nio.file.Files.readAllBytes(Files.java:3288)
	at scala.meta.internal.io.PlatformFileIO$.slurp(PlatformFileIO.scala:45)
	at scala.meta.internal.io.FileIO$.slurp(FileIO.scala:24)
	at scala.meta.internal.mtags.ScalametaCommonEnrichments$XtensionAbsolutePath.toInput(ScalametaCommonEnrichments.scala:415)
	at scala.meta.internal.mtags.Mtags.index(Mtags.scala:67)
	at scala.meta.internal.mtags.Mtags.allSymbols(Mtags.scala:21)
	at scala.meta.internal.mtags.SymbolIndexBucket.allSymbols(SymbolIndexBucket.scala:242)
	at scala.meta.internal.mtags.SymbolIndexBucket.addMtagsSourceFile(SymbolIndexBucket.scala:253)
	at scala.meta.internal.mtags.SymbolIndexBucket.$anonfun$query0$1(SymbolIndexBucket.scala:168)
	at scala.meta.internal.mtags.SymbolIndexBucket.$anonfun$query0$1$adapted(SymbolIndexBucket.scala:168)
	at scala.collection.immutable.Set$Set2.foreach(Set.scala:210)
	at scala.meta.internal.mtags.SymbolIndexBucket.query0(SymbolIndexBucket.scala:168)
	at scala.meta.internal.mtags.SymbolIndexBucket.$anonfun$query0$8(SymbolIndexBucket.scala:191)
	at scala.collection.immutable.List.flatMap(List.scala:293)
	at scala.meta.internal.mtags.SymbolIndexBucket.query0(SymbolIndexBucket.scala:191)
	at scala.meta.internal.mtags.SymbolIndexBucket.$anonfun$query0$8(SymbolIndexBucket.scala:191)
	at scala.collection.immutable.List.flatMap(List.scala:293)
	at scala.meta.internal.mtags.SymbolIndexBucket.query0(SymbolIndexBucket.scala:191)
	at scala.meta.internal.mtags.SymbolIndexBucket.query(SymbolIndexBucket.scala:141)
	at scala.meta.internal.mtags.OnDemandSymbolIndex.$anonfun$findSymbolDefinition$1(OnDemandSymbolIndex.scala:141)
	at scala.collection.immutable.List.flatMap(List.scala:293)
	at scala.meta.internal.mtags.OnDemandSymbolIndex.findSymbolDefinition(OnDemandSymbolIndex.scala:141)
	at scala.meta.internal.mtags.OnDemandSymbolIndex.definition(OnDemandSymbolIndex.scala:48)
	at scala.meta.internal.metals.Docstrings.indexSymbol(Docstrings.scala:118)
	at scala.meta.internal.metals.Docstrings.documentation(Docstrings.scala:44)
	at scala.meta.internal.metals.MetalsSymbolSearch.documentation(MetalsSymbolSearch.scala:43)
	at scala.meta.internal.mtags.MtagsEnrichments$.symbolDocumentation(MtagsEnrichments.scala:253)
	at scala.meta.internal.pc.HoverProvider$.$anonfun$3(HoverProvider.scala:137)
	at scala.collection.immutable.List.flatMap(List.scala:293)
	at scala.meta.internal.pc.HoverProvider$.hover(HoverProvider.scala:137)
	at scala.meta.internal.pc.ScalaPresentationCompiler.hover$$anonfun$1(ScalaPresentationCompiler.scala:342)
	at scala.meta.internal.pc.CompilerAccess.withSharedCompiler(CompilerAccess.scala:146)
	at scala.meta.internal.pc.CompilerAccess.withNonInterruptableCompiler$$anonfun$1(CompilerAccess.scala:132)
	at scala.meta.internal.pc.CompilerAccess.onCompilerJobQueue$$anonfun$1(CompilerAccess.scala:232)
	at scala.meta.internal.pc.CompilerJobQueue$Job.run(CompilerJobQueue.scala:152)
	at java.base/java.util.concurrent.ThreadPoolExecutor.runWorker(ThreadPoolExecutor.java:1136)
	at java.base/java.util.concurrent.ThreadPoolExecutor$Worker.run(ThreadPoolExecutor.java:635)
	at java.base/java.lang.Thread.run(Thread.java:833)

Jan 03, 2024 10:16:15 PM scala.meta.internal.mtags.SymbolIndexBucket addMtagsSourceFile
WARNING: Error indexing C:\Users\90541\Documents\Huffman-Encoding\src\test\HufmanTest.scala
java.nio.file.NoSuchFileException: C:\Users\90541\Documents\Huffman-Encoding\src\test\HufmanTest.scala
	at java.base/sun.nio.fs.WindowsException.translateToIOException(WindowsException.java:85)
	at java.base/sun.nio.fs.WindowsException.rethrowAsIOException(WindowsException.java:103)
	at java.base/sun.nio.fs.WindowsException.rethrowAsIOException(WindowsException.java:108)
	at java.base/sun.nio.fs.WindowsFileSystemProvider.newByteChannel(WindowsFileSystemProvider.java:236)
	at java.base/java.nio.file.Files.newByteChannel(Files.java:380)
	at java.base/java.nio.file.Files.newByteChannel(Files.java:432)
	at java.base/java.nio.file.Files.readAllBytes(Files.java:3288)
	at scala.meta.internal.io.PlatformFileIO$.slurp(PlatformFileIO.scala:45)
	at scala.meta.internal.io.FileIO$.slurp(FileIO.scala:24)
	at scala.meta.internal.mtags.ScalametaCommonEnrichments$XtensionAbsolutePath.toInput(ScalametaCommonEnrichments.scala:415)
	at scala.meta.internal.mtags.Mtags.index(Mtags.scala:67)
	at scala.meta.internal.mtags.Mtags.allSymbols(Mtags.scala:21)
	at scala.meta.internal.mtags.SymbolIndexBucket.allSymbols(SymbolIndexBucket.scala:242)
	at scala.meta.internal.mtags.SymbolIndexBucket.addMtagsSourceFile(SymbolIndexBucket.scala:253)
	at scala.meta.internal.mtags.SymbolIndexBucket.addMtagsSourceFile(SymbolIndexBucket.scala:264)
	at scala.meta.internal.mtags.SymbolIndexBucket.$anonfun$query0$1(SymbolIndexBucket.scala:168)
	at scala.meta.internal.mtags.SymbolIndexBucket.$anonfun$query0$1$adapted(SymbolIndexBucket.scala:168)
	at scala.collection.immutable.Set$Set2.foreach(Set.scala:210)
	at scala.meta.internal.mtags.SymbolIndexBucket.query0(SymbolIndexBucket.scala:168)
	at scala.meta.internal.mtags.SymbolIndexBucket.$anonfun$query0$8(SymbolIndexBucket.scala:191)
	at scala.collection.immutable.List.flatMap(List.scala:293)
	at scala.meta.internal.mtags.SymbolIndexBucket.query0(SymbolIndexBucket.scala:191)
	at scala.meta.internal.mtags.SymbolIndexBucket.$anonfun$query0$8(SymbolIndexBucket.scala:191)
	at scala.collection.immutable.List.flatMap(List.scala:293)
	at scala.meta.internal.mtags.SymbolIndexBucket.query0(SymbolIndexBucket.scala:191)
	at scala.meta.internal.mtags.SymbolIndexBucket.query(SymbolIndexBucket.scala:141)
	at scala.meta.internal.mtags.OnDemandSymbolIndex.$anonfun$findSymbolDefinition$1(OnDemandSymbolIndex.scala:141)
	at scala.collection.immutable.List.flatMap(List.scala:293)
	at scala.meta.internal.mtags.OnDemandSymbolIndex.findSymbolDefinition(OnDemandSymbolIndex.scala:141)
	at scala.meta.internal.mtags.OnDemandSymbolIndex.definition(OnDemandSymbolIndex.scala:48)
	at scala.meta.internal.metals.Docstrings.indexSymbol(Docstrings.scala:118)
	at scala.meta.internal.metals.Docstrings.documentation(Docstrings.scala:44)
	at scala.meta.internal.metals.MetalsSymbolSearch.documentation(MetalsSymbolSearch.scala:43)
	at scala.meta.internal.mtags.MtagsEnrichments$.symbolDocumentation(MtagsEnrichments.scala:253)
	at scala.meta.internal.pc.HoverProvider$.$anonfun$3(HoverProvider.scala:137)
	at scala.collection.immutable.List.flatMap(List.scala:293)
	at scala.meta.internal.pc.HoverProvider$.hover(HoverProvider.scala:137)
	at scala.meta.internal.pc.ScalaPresentationCompiler.hover$$anonfun$1(ScalaPresentationCompiler.scala:342)
	at scala.meta.internal.pc.CompilerAccess.withSharedCompiler(CompilerAccess.scala:146)
	at scala.meta.internal.pc.CompilerAccess.withNonInterruptableCompiler$$anonfun$1(CompilerAccess.scala:132)
	at scala.meta.internal.pc.CompilerAccess.onCompilerJobQueue$$anonfun$1(CompilerAccess.scala:232)
	at scala.meta.internal.pc.CompilerJobQueue$Job.run(CompilerJobQueue.scala:152)
	at java.base/java.util.concurrent.ThreadPoolExecutor.runWorker(ThreadPoolExecutor.java:1136)
	at java.base/java.util.concurrent.ThreadPoolExecutor$Worker.run(ThreadPoolExecutor.java:635)
	at java.base/java.lang.Thread.run(Thread.java:833)

2024.01.03 22:16:33 INFO  compiling huffman-encoding_bd2c96d2de-test (1 scala source)
2024.01.03 22:16:33 INFO  time: compiled Huffman-Encoding_bd2c96d2de-test in 0.39s
2024.01.03 22:17:51 INFO  compiling huffman-encoding_bd2c96d2de-test (1 scala source)
2024.01.03 22:17:51 INFO  time: compiled Huffman-Encoding_bd2c96d2de-test in 0.21s
2024.01.03 22:21:23 INFO  compiling huffman-encoding_bd2c96d2de-test (1 scala source)
2024.01.03 22:21:23 INFO  time: compiled Huffman-Encoding_bd2c96d2de-test in 0.24s
2024.01.03 22:21:28 INFO  Shutting down server
2024.01.03 22:21:28 INFO  shutting down Metals
2024.01.03 22:21:28 INFO  Shut down connection with build server.
2024.01.03 22:21:28 INFO  Exiting server
2024.01.03 22:21:39 INFO  Started: Metals version 1.2.0 in folders 'C:\Users\90541\Documents\Huffman-Encoding' for client Visual Studio Code 1.85.1.
2024.01.03 22:21:40 WARN  No build session currently active to reload.
2024.01.03 22:21:40 INFO  Attempting to connect to the build server...
2024.01.03 22:21:40 INFO  Running BSP server List(C:\Users\90541\AppData\Local\Coursier\data\bin\.scala-cli.aux.exe, bsp, --json-options, C:\Users\90541\Documents\Huffman-Encoding\.scala-build\ide-options-v2.json, C:\Users\90541\Documents\Huffman-Encoding)
2024.01.03 22:21:40 INFO  tracing is disabled for protocol BSP, to enable tracing of incoming and outgoing JSON messages create an empty file at C:\Users\90541\Documents\Huffman-Encoding\.metals\bsp.trace.json or C:\Users\90541\AppData\Local\scalameta\metals\cache\bsp.trace.json
2024.01.03 22:21:45 INFO  time: Connected to build server in 4.66s
2024.01.03 22:21:45 INFO  Connected to Build server: scala-cli v1.1.0
2024.01.03 22:21:45 INFO  compiling huffman-encoding_bd2c96d2de-test (1 scala source)
2024.01.03 22:21:46 INFO  no build target found for C:\Users\90541\Documents\Huffman-Encoding\src\test\scala\test.scala. Using presentation compiler with project's scala-library version: 3.3.1
2024.01.03 22:21:48 INFO  no build target found for C:\Users\90541\Documents\Huffman-Encoding\src\test\scala\test.scala. Using presentation compiler with project's scala-library version: 3.3.1
Jan 03, 2024 10:21:48 PM org.eclipse.lsp4j.jsonrpc.RemoteEndpoint handleCancellation
WARNING: Unmatched cancel notification for request id 5
2024.01.03 22:21:48 INFO  time: indexed workspace in 2.2s
Jan 03, 2024 10:21:48 PM org.eclipse.lsp4j.jsonrpc.RemoteEndpoint handleCancellation
WARNING: Unmatched cancel notification for request id 15
2024.01.03 22:21:49 INFO  compiling huffman-encoding_bd2c96d2de-test (1 scala source)
Jan 03, 2024 10:21:49 PM org.eclipse.lsp4j.jsonrpc.RemoteEndpoint handleCancellation
WARNING: Unmatched cancel notification for request id 22
Jan 03, 2024 10:21:49 PM org.eclipse.lsp4j.jsonrpc.RemoteEndpoint handleCancellation
WARNING: Unmatched cancel notification for request id 30
2024.01.03 22:21:49 INFO  time: compiled Huffman-Encoding_bd2c96d2de-test in 0.34s
2024.01.03 22:21:49 INFO  compiling huffman-encoding_bd2c96d2de-test (1 scala source)
2024.01.03 22:21:50 INFO  time: compiled Huffman-Encoding_bd2c96d2de-test in 0.23s
2024.01.03 22:21:53 INFO  compiling huffman-encoding_bd2c96d2de-test (1 scala source)
2024.01.03 22:21:53 INFO  time: compiled Huffman-Encoding_bd2c96d2de-test in 0.35s
2024.01.03 22:22:15 INFO  compiling huffman-encoding_bd2c96d2de-test (1 scala source)
2024.01.03 22:22:15 INFO  time: compiled Huffman-Encoding_bd2c96d2de-test in 0.17s
2024.01.03 22:22:17 INFO  compiling huffman-encoding_bd2c96d2de-test (1 scala source)
2024.01.03 22:22:17 INFO  time: compiled Huffman-Encoding_bd2c96d2de-test in 0.45s
2024.01.03 22:24:18 INFO  compiling huffman-encoding_bd2c96d2de-test (1 scala source)
2024.01.03 22:24:18 INFO  time: compiled Huffman-Encoding_bd2c96d2de-test in 0.24s
2024.01.03 22:24:19 INFO  compiling huffman-encoding_bd2c96d2de-test (1 scala source)
2024.01.03 22:24:19 INFO  time: compiled Huffman-Encoding_bd2c96d2de-test in 0.15s
2024.01.03 22:24:40 INFO  Shutting down server
2024.01.03 22:24:40 INFO  shutting down Metals
2024.01.03 22:24:40 INFO  Shut down connection with build server.
2024.01.03 22:24:40 INFO  Exiting server
2024.01.03 22:24:50 INFO  Started: Metals version 1.2.0 in folders 'C:\Users\90541\Documents\Huffman-Encoding' for client Visual Studio Code 1.85.1.
2024.01.03 22:24:51 WARN  No build session currently active to reload.
2024.01.03 22:24:51 INFO  Attempting to connect to the build server...
2024.01.03 22:24:51 INFO  Running BSP server List(C:\Users\90541\AppData\Local\Coursier\data\bin\.scala-cli.aux.exe, bsp, --json-options, C:\Users\90541\Documents\Huffman-Encoding\.scala-build\ide-options-v2.json, C:\Users\90541\Documents\Huffman-Encoding)
2024.01.03 22:24:51 INFO  tracing is disabled for protocol BSP, to enable tracing of incoming and outgoing JSON messages create an empty file at C:\Users\90541\Documents\Huffman-Encoding\.metals\bsp.trace.json or C:\Users\90541\AppData\Local\scalameta\metals\cache\bsp.trace.json
2024.01.03 22:24:56 WARN  no build target for: C:\Users\90541\Documents\Huffman-Encoding\src\test\scala\test.scala
2024.01.03 22:24:57 INFO  time: Connected to build server in 5.74s
2024.01.03 22:24:57 INFO  Connected to Build server: scala-cli v1.1.0
2024.01.03 22:24:57 INFO  time: Imported build in 0.11s
Jan 03, 2024 10:24:57 PM org.eclipse.lsp4j.jsonrpc.RemoteEndpoint handleCancellation
WARNING: Unmatched cancel notification for request id 10
2024.01.03 22:24:58 INFO  compiling huffman-encoding_bd2c96d2de-test (1 scala source)
2024.01.03 22:24:58 INFO  no build target found for C:\Users\90541\Documents\Huffman-Encoding\src\test\scala\test.scala. Using presentation compiler with project's scala-library version: 3.3.1
2024.01.03 22:25:01 INFO  time: indexed workspace in 2.22s
2024.01.03 22:25:03 INFO  compiling huffman-encoding_bd2c96d2de-test (1 scala source)
2024.01.03 22:25:03 INFO  time: compiled Huffman-Encoding_bd2c96d2de-test in 0.11s
2024.01.03 22:25:03 INFO  compiling huffman-encoding_bd2c96d2de-test (1 scala source)
2024.01.03 22:25:04 INFO  time: compiled Huffman-Encoding_bd2c96d2de-test in 0.5s
2024.01.03 22:27:00 INFO  compiling huffman-encoding_bd2c96d2de-test (1 scala source)
2024.01.03 22:27:00 INFO  time: compiled Huffman-Encoding_bd2c96d2de-test in 0.2s
2024.01.03 22:27:26 INFO  compiling huffman-encoding_bd2c96d2de-test (1 scala source)
2024.01.03 22:27:26 INFO  time: compiled Huffman-Encoding_bd2c96d2de-test in 0.22s
2024.01.03 22:27:27 INFO  compiling huffman-encoding_bd2c96d2de-test (1 scala source)
2024.01.03 22:27:27 INFO  time: compiled Huffman-Encoding_bd2c96d2de-test in 0.18s
2024.01.03 22:27:28 INFO  compiling huffman-encoding_bd2c96d2de-test (1 scala source)
2024.01.03 22:27:28 INFO  time: compiled Huffman-Encoding_bd2c96d2de-test in 0.15s
2024.01.03 22:27:28 INFO  compiling huffman-encoding_bd2c96d2de-test (1 scala source)
2024.01.03 22:27:28 INFO  time: compiled Huffman-Encoding_bd2c96d2de-test in 0.23s
2024.01.03 22:27:30 INFO  compiling huffman-encoding_bd2c96d2de-test (1 scala source)
2024.01.03 22:27:30 INFO  time: compiled Huffman-Encoding_bd2c96d2de-test in 0.16s
2024.01.03 22:27:30 INFO  compiling huffman-encoding_bd2c96d2de-test (1 scala source)
2024.01.03 22:27:30 INFO  time: compiled Huffman-Encoding_bd2c96d2de-test in 0.14s
2024.01.03 22:27:32 INFO  Shutting down server
2024.01.03 22:27:32 INFO  shutting down Metals
2024.01.03 22:27:32 INFO  Shut down connection with build server.
2024.01.03 22:27:32 INFO  Exiting server
2024.01.03 22:27:43 INFO  Started: Metals version 1.2.0 in folders 'C:\Users\90541\Documents\Huffman-Encoding' for client Visual Studio Code 1.85.1.
2024.01.03 22:27:44 WARN  No build session currently active to reload.
2024.01.03 22:27:44 INFO  Attempting to connect to the build server...
2024.01.03 22:27:44 INFO  Running BSP server List(C:\Users\90541\AppData\Local\Coursier\data\bin\.scala-cli.aux.exe, bsp, --json-options, C:\Users\90541\Documents\Huffman-Encoding\.scala-build\ide-options-v2.json, C:\Users\90541\Documents\Huffman-Encoding)
2024.01.03 22:27:44 INFO  tracing is disabled for protocol BSP, to enable tracing of incoming and outgoing JSON messages create an empty file at C:\Users\90541\Documents\Huffman-Encoding\.metals\bsp.trace.json or C:\Users\90541\AppData\Local\scalameta\metals\cache\bsp.trace.json
2024.01.03 22:27:49 INFO  time: Connected to build server in 4.5s
2024.01.03 22:27:49 INFO  Connected to Build server: scala-cli v1.1.0
2024.01.03 22:27:49 INFO  compiling huffman-encoding_bd2c96d2de-test (1 scala source)
2024.01.03 22:27:50 INFO  no build target found for C:\Users\90541\Documents\Huffman-Encoding\src\test\scala\test.scala. Using presentation compiler with project's scala-library version: 3.3.1
2024.01.03 22:27:53 INFO  no build target found for C:\Users\90541\Documents\Huffman-Encoding\src\test\scala\test.scala. Using presentation compiler with project's scala-library version: 3.3.1
2024.01.03 22:27:53 INFO  time: indexed workspace in 3.14s
2024.01.03 22:27:54 INFO  compiling huffman-encoding_bd2c96d2de-test (1 scala source)
2024.01.03 22:27:54 INFO  time: compiled Huffman-Encoding_bd2c96d2de-test in 0.2s
2024.01.03 22:27:56 INFO  compiling huffman-encoding_bd2c96d2de-test (1 scala source)
2024.01.03 22:27:56 INFO  time: compiled Huffman-Encoding_bd2c96d2de-test in 0.5s
2024.01.03 22:28:37 INFO  compiling huffman-encoding_bd2c96d2de-test (1 scala source)
2024.01.03 22:28:37 INFO  time: compiled Huffman-Encoding_bd2c96d2de-test in 0.22s
2024.01.03 22:28:41 INFO  compiling huffman-encoding_bd2c96d2de-test (1 scala source)
2024.01.03 22:28:41 INFO  time: compiled Huffman-Encoding_bd2c96d2de-test in 0.17s
2024.01.03 22:28:53 INFO  compiling huffman-encoding_bd2c96d2de-test (1 scala source)
2024.01.03 22:28:53 INFO  time: compiled Huffman-Encoding_bd2c96d2de-test in 0.16s
2024.01.03 22:29:05 INFO  Correctly reloaded workspace
2024.01.03 22:29:06 INFO  time: indexed workspace in 0.98s
2024.01.03 22:29:10 INFO  compiling huffman-encoding_bd2c96d2de-test (1 scala source)
2024.01.03 22:29:10 INFO  time: compiled Huffman-Encoding_bd2c96d2de-test in 0.15s
2024.01.03 22:29:14 INFO  Correctly reloaded workspace
2024.01.03 22:29:15 INFO  time: indexed workspace in 0.87s
2024.01.03 22:29:29 INFO  Shutting down server
2024.01.03 22:29:29 INFO  shutting down Metals
2024.01.03 22:29:29 INFO  Shut down connection with build server.
2024.01.03 22:29:29 INFO  Exiting server
2024.01.03 22:29:36 INFO  Started: Metals version 1.2.0 in folders 'C:\Users\90541\Documents\Huffman-Encoding' for client Visual Studio Code 1.85.1.
2024.01.03 22:29:37 WARN  No build session currently active to reload.
2024.01.03 22:29:37 INFO  Attempting to connect to the build server...
2024.01.03 22:29:37 INFO  Running BSP server List(C:\Users\90541\AppData\Local\Coursier\data\bin\.scala-cli.aux.exe, bsp, --json-options, C:\Users\90541\Documents\Huffman-Encoding\.scala-build\ide-options-v2.json, C:\Users\90541\Documents\Huffman-Encoding)
2024.01.03 22:29:37 INFO  tracing is disabled for protocol BSP, to enable tracing of incoming and outgoing JSON messages create an empty file at C:\Users\90541\Documents\Huffman-Encoding\.metals\bsp.trace.json or C:\Users\90541\AppData\Local\scalameta\metals\cache\bsp.trace.json
2024.01.03 22:29:40 WARN  no build target for: C:\Users\90541\Documents\Huffman-Encoding\src\test\scala\test.scala
2024.01.03 22:29:42 INFO  time: Connected to build server in 4.87s
2024.01.03 22:29:42 INFO  Connected to Build server: scala-cli v1.1.0
2024.01.03 22:29:43 INFO  compiling huffman-encoding_bd2c96d2de-test (1 scala source)
2024.01.03 22:29:43 INFO  no build target found for C:\Users\90541\Documents\Huffman-Encoding\src\test\scala\test.scala. Using presentation compiler with project's scala-library version: 3.3.1
2024.01.03 22:29:46 INFO  no build target found for C:\Users\90541\Documents\Huffman-Encoding\src\test\scala\test.scala. Using presentation compiler with project's scala-library version: 3.3.1
2024.01.03 22:29:46 INFO  compiling huffman-encoding_bd2c96d2de-test (1 scala source)
2024.01.03 22:29:46 INFO  time: compiled Huffman-Encoding_bd2c96d2de-test in 91ms
2024.01.03 22:29:46 INFO  time: indexed workspace in 2.23s
2024.01.03 22:29:46 INFO  compiling huffman-encoding_bd2c96d2de-test (1 scala source)
2024.01.03 22:29:46 INFO  time: compiled Huffman-Encoding_bd2c96d2de-test in 0.25s
2024.01.03 22:29:47 INFO  compiling huffman-encoding_bd2c96d2de-test (1 scala source)
2024.01.03 22:29:47 INFO  time: compiled Huffman-Encoding_bd2c96d2de-test in 0.23s
2024.01.03 22:30:14 WARN  no build target for: C:\Users\90541\Documents\Huffman-Encoding\build.sbt
2024.01.03 22:30:14 WARN  Could not find semantic tokens for: file:///C:/Users/90541/Documents/Huffman-Encoding/build.sbt
2024.01.03 22:30:15 WARN  Could not find semantic tokens for: file:///C:/Users/90541/Documents/Huffman-Encoding/build.sbt
2024.01.03 22:34:01 WARN  no build target for: C:\Users\90541\Documents\Huffman-Encoding\build.sbt
2024.01.03 22:34:01 WARN  Could not find semantic tokens for: file:///C:/Users/90541/Documents/Huffman-Encoding/build.sbt
2024.01.03 22:34:01 WARN  Could not find semantic tokens for: file:///C:/Users/90541/Documents/Huffman-Encoding/build.sbt
2024.01.03 22:34:04 WARN  Could not find semantic tokens for: file:///C:/Users/90541/Documents/Huffman-Encoding/build.sbt
2024.01.03 22:34:05 WARN  no build target for: C:\Users\90541\Documents\Huffman-Encoding\build.sbt
2024.01.03 22:34:05 WARN  Could not find semantic tokens for: file:///C:/Users/90541/Documents/Huffman-Encoding/build.sbt
2024.01.03 22:34:18 WARN  no build target for: C:\Users\90541\Documents\Huffman-Encoding\build.sbt
2024.01.03 22:34:18 WARN  Could not find semantic tokens for: file:///C:/Users/90541/Documents/Huffman-Encoding/build.sbt
2024.01.03 22:34:21 INFO  compiling huffman-encoding_bd2c96d2de-test (1 scala source)
2024.01.03 22:34:21 INFO  time: compiled Huffman-Encoding_bd2c96d2de-test in 0.14s
2024.01.03 22:34:38 WARN  Could not find semantic tokens for: file:///C:/Users/90541/Documents/Huffman-Encoding/build.sbt
2024.01.03 22:34:38 WARN  Could not find semantic tokens for: file:///C:/Users/90541/Documents/Huffman-Encoding/build.sbt
2024.01.03 22:34:39 WARN  no build target for: C:\Users\90541\Documents\Huffman-Encoding\build.sbt
2024.01.03 22:34:39 WARN  Could not find semantic tokens for: file:///C:/Users/90541/Documents/Huffman-Encoding/build.sbt
2024.01.03 22:35:09 INFO  Resetting build tool selection.
2024.01.03 22:35:11 INFO  running 'C:\Program Files\Java\jdk-17.0.4.1\bin\java.exe -Djline.terminal=jline.UnsupportedTerminal -Dsbt.log.noformat=true -Dfile.encoding=UTF-8 -jar C:\Users\90541\AppData\Local\Temp\metals2003839395092424501\sbt-launch.jar -Dbloop.export-jar-classifiers=sources bloopInstall'
2024.01.03 22:35:12 INFO  [info] welcome to sbt 1.9.8 (Oracle Corporation Java 17.0.4.1)
2024.01.03 22:35:13 INFO  Resetting build server selection.
2024.01.03 22:35:15 INFO  [info] loading settings for project huffman-encoding-build-build from metals.sbt ...
2024.01.03 22:35:15 INFO  [info] loading project definition from C:\Users\90541\Documents\Huffman-Encoding\project\project
2024.01.03 22:35:18 INFO  [info] loading settings for project huffman-encoding-build from metals.sbt ...
2024.01.03 22:35:18 INFO  [info] loading project definition from C:\Users\90541\Documents\Huffman-Encoding\project
2024.01.03 22:35:23 INFO  [success] Generated .bloop\huffman-encoding-build.json
2024.01.03 22:35:23 INFO  [success] Total time: 5 s, completed Jan 3, 2024, 10:35:23 PM
2024.01.03 22:35:25 INFO  [info] loading settings for project huffman-encoding from build.sbt ...
2024.01.03 22:35:25 INFO  [info] set current project to HuffmanEncoding (in build file:/C:/Users/90541/Documents/Huffman-Encoding/)
2024.01.03 22:35:25 INFO  [success] Generated .bloop\huffman-encoding.json
2024.01.03 22:35:25 INFO  [success] Generated .bloop\huffman-encoding-test.json
2024.01.03 22:35:25 INFO  [success] Total time: 1 s, completed Jan 3, 2024, 10:35:26 PM
2024.01.03 22:35:26 INFO  time: ran 'sbt bloopInstall' in 15s
2024.01.03 22:35:26 INFO  Disconnecting from scala-cli session...
2024.01.03 22:35:26 INFO  Shut down connection with build server.
2024.01.03 22:35:26 INFO  Attempting to connect to the build server...
2024.01.03 22:35:26 INFO  Bloop uses C:\Program Files\Java\jdk-17.0.4.1 defined at C:\Users\90541\.bloop\bloop.json
2024.01.03 22:35:28 INFO  tracing is disabled for protocol BSP, to enable tracing of incoming and outgoing JSON messages create an empty file at C:\Users\90541\Documents\Huffman-Encoding\.metals\bsp.trace.json or C:\Users\90541\AppData\Local\scalameta\metals\cache\bsp.trace.json
2024.01.03 22:35:28 INFO  Attempting to connect to the build server...
2024.01.03 22:35:28 INFO  Bloop uses C:\Program Files\Java\jdk-17.0.4.1 defined at C:\Users\90541\.bloop\bloop.json
2024.01.03 22:35:28 INFO  tracing is disabled for protocol BSP, to enable tracing of incoming and outgoing JSON messages create an empty file at C:\Users\90541\Documents\Huffman-Encoding\project\.metals\bsp.trace.json or C:\Users\90541\AppData\Local\scalameta\metals\cache\bsp.trace.json
2024.01.03 22:35:31 INFO  time: Connected to build server in 5.06s
2024.01.03 22:35:31 INFO  Connected to Build server: Bloop v1.5.13
2024.01.03 22:35:37 INFO  compiling huffman-encoding (3 scala sources)
2024.01.03 22:35:37 INFO  time: indexed workspace in 6.62s
2024.01.03 22:35:43 INFO  Disconnecting from Bloop session...
2024.01.03 22:35:43 INFO  Cancelling compilation on Bloop server
2024.01.03 22:35:43 INFO  Cancelling compilation on Bloop server
2024.01.03 22:35:43 INFO  Shut down connection with build server.
Jan 03, 2024 10:35:43 PM scala.meta.internal.pc.CompilerAccess handleError
SEVERE: A severe compiler error occurred, full details of the error can be found in the error report C:\Users\90541\Documents\Huffman-Encoding\.metals\.reports\metals-full\2024-01-03\r_compiler-error_(huffman-encoding-build)_22-35-43-430.md
2024.01.03 22:35:44 INFO  compiling huffman-encoding-test (1 scala source)
2024.01.03 22:35:44 INFO  time: compiled huffman-encoding in 6.62s
2024.01.03 22:35:45 ERROR timeout: build server 'bloop' during shutdown
2024.01.03 22:35:45 INFO  Attempting to connect to the build server...
2024.01.03 22:35:45 INFO  time: compiled huffman-encoding-test in 1.37s
2024.01.03 22:35:46 INFO  running C:\Program Files\Java\jdk-17.0.4.1\bin\java.exe -Djline.terminal=jline.UnsupportedTerminal -Dsbt.log.noformat=true -Dfile.encoding=UTF-8 -jar C:\Users\90541\Documents\Huffman-Encoding\sbt-launch.jar --client shutdown
2024.01.03 22:35:47 INFO  [info] entering *experimental* thin client - BEEP WHIRR
2024.01.03 22:35:47 INFO  [info] server was not detected. starting an instance
2024.01.03 22:35:50 INFO  [info] welcome to sbt 1.9.8 (Oracle Corporation Java 17.0.4.1)
2024.01.03 22:35:54 INFO  [info] loading settings for project huffman-encoding-build-build from metals.sbt ...
2024.01.03 22:35:54 INFO  [info] loading project definition from C:\Users\90541\Documents\Huffman-Encoding\project\project
2024.01.03 22:35:58 INFO  [info] loading settings for project huffman-encoding-build from metals.sbt ...
2024.01.03 22:35:58 INFO  [info] loading project definition from C:\Users\90541\Documents\Huffman-Encoding\project
2024.01.03 22:36:00 INFO  Running BSP server List(C:\Program Files\Java\jdk-17.0.4.1/bin/java, -Xms100m, -Xmx100m, -classpath, C:\Users\90541\AppData\Local\Coursier\cache\arc\https\github.com\sbt\sbt\releases\download\v1.9.8\sbt-1.9.8.zip\sbt\bin\sbt-launch.jar, -Dsbt.script=C:\Users\90541\AppData\Local\Coursier\data\bin\sbt.bat, xsbt.boot.Boot, -bsp)
2024.01.03 22:36:00 INFO  tracing is disabled for protocol BSP, to enable tracing of incoming and outgoing JSON messages create an empty file at C:\Users\90541\Documents\Huffman-Encoding\.metals\bsp.trace.json or C:\Users\90541\AppData\Local\scalameta\metals\cache\bsp.trace.json
2024.01.03 22:36:01 INFO  BSP server: [info] sbt server is booting up
2024.01.03 22:36:03 INFO  [info] loading settings for project huffman-encoding from build.sbt ...
2024.01.03 22:36:03 INFO  BSP server: [info] loading settings for project huffman-encoding from build.sbt ...
2024.01.03 22:36:03 INFO  [info] set current project to HuffmanEncoding (in build file:/C:/Users/90541/Documents/Huffman-Encoding/)
2024.01.03 22:36:03 INFO  BSP server: [info] set current project to HuffmanEncoding (in build file:/C:/Users/90541/Documents/Huffman-Encoding/)
2024.01.03 22:36:03 INFO  [info] sbt server started at local:sbt-server-1c26dcc4a81b3055a5ae
2024.01.03 22:36:03 INFO  BSP server: [info] sbt server started at local:sbt-server-1c26dcc4a81b3055a5ae
2024.01.03 22:36:03 INFO  [info] started sbt server
2024.01.03 22:36:03 INFO  BSP server: [info] started sbt server
2024.01.03 22:36:03 INFO  [info] terminate the server with `shutdown`
2024.01.03 22:36:03 INFO  > shutdown
2024.01.03 22:36:03 INFO  Processing workspace/reload
2024.01.03 22:36:03 INFO  compiling huffman-encoding-build-build
2024.01.03 22:36:03 INFO  compiling huffman-encoding-build
2024.01.03 22:36:04 INFO  time: Connected to build server in 19s
2024.01.03 22:36:04 INFO  Connected to Build server: sbt v1.9.8
2024.01.03 22:36:04 INFO  [info] disconnected
Jan 03, 2024 10:36:04 PM org.eclipse.lsp4j.jsonrpc.services.GenericEndpoint notify
WARNING: Unsupported notification method: shutdown
2024.01.03 22:36:04 INFO  time: ran 'Shutting down sbt server' in 17s
2024.01.03 22:36:05 INFO  Running BSP server List(C:\Program Files\Java\jdk-17.0.4.1/bin/java, -Xms100m, -Xmx100m, -classpath, C:\Users\90541\AppData\Local\Coursier\cache\arc\https\github.com\sbt\sbt\releases\download\v1.9.8\sbt-1.9.8.zip\sbt\bin\sbt-launch.jar, -Dsbt.script=C:\Users\90541\AppData\Local\Coursier\data\bin\sbt.bat, xsbt.boot.Boot, -bsp)
2024.01.03 22:36:05 INFO  tracing is disabled for protocol BSP, to enable tracing of incoming and outgoing JSON messages create an empty file at C:\Users\90541\Documents\Huffman-Encoding\.metals\bsp.trace.json or C:\Users\90541\AppData\Local\scalameta\metals\cache\bsp.trace.json
2024.01.03 22:36:06 INFO  BSP server: [info] server was not detected. starting an instance
2024.01.03 22:36:09 INFO  BSP server: [info] welcome to sbt 1.9.8 (Oracle Corporation Java 17.0.4.1)
2024.01.03 22:36:09 INFO  BSP server: [info] loading settings for project huffman-encoding-build-build from metals.sbt ...
2024.01.03 22:36:11 INFO  BSP server: [info] loading project definition from C:\Users\90541\Documents\Huffman-Encoding\project\project
2024.01.03 22:36:12 INFO  BSP server: [info] loading settings for project huffman-encoding-build from metals.sbt ...
2024.01.03 22:36:12 INFO  BSP server: [info] loading project definition from C:\Users\90541\Documents\Huffman-Encoding\project
2024.01.03 22:36:12 INFO  BSP server: [info] loading settings for project huffman-encoding from build.sbt ...
2024.01.03 22:36:12 INFO  BSP server: [info] set current project to HuffmanEncoding (in build file:/C:/Users/90541/Documents/Huffman-Encoding/)
2024.01.03 22:36:13 INFO  BSP server: [info] sbt server started at local:sbt-server-1c26dcc4a81b3055a5ae
2024.01.03 22:36:13 INFO  BSP server: [info] started sbt server
2024.01.03 22:36:13 INFO  Connected to Build server: sbt v1.9.8
2024.01.03 22:36:13 INFO  Processing workspace/buildTargets
2024.01.03 22:36:14 INFO  Processing buildTarget/scalacOptions
2024.01.03 22:36:14 INFO  Processing buildTarget/sources
2024.01.03 22:36:14 INFO  Processing buildTarget/dependencySources
2024.01.03 22:36:26 INFO  Shutting down server
2024.01.03 22:36:26 INFO  shutting down Metals
2024.01.03 22:36:26 INFO  Shut down connection with build server.
2024.01.03 22:36:26 INFO  Failed to run request with params WorkspaceBuildTargetsResult
2024.01.03 22:36:26 INFO  Failed to run request with params DependencySourcesResult
2024.01.03 22:36:26 INFO  Disconnecting from sbt session...
2024.01.03 22:36:26 ERROR Failed to connect with build server, no functionality will work.
scala.meta.internal.metals.MetalsBspException: BSP connection failed in the attempt to get: WorkspaceBuildTargetsResult
	at scala.meta.internal.metals.BuildServerConnection$$anonfun$1.$anonfun$applyOrElse$9(BuildServerConnection.scala:468)
	at scala.Option.getOrElse(Option.scala:201)
	at scala.meta.internal.metals.BuildServerConnection$$anonfun$1.applyOrElse(BuildServerConnection.scala:468)
	at scala.meta.internal.metals.BuildServerConnection$$anonfun$1.applyOrElse(BuildServerConnection.scala:443)
	at scala.concurrent.impl.Promise$Transformation.run(Promise.scala:490)
	at java.util.concurrent.ThreadPoolExecutor.runWorker(ThreadPoolExecutor.java:1136)
	at java.util.concurrent.ThreadPoolExecutor$Worker.run(ThreadPoolExecutor.java:635)
	at java.lang.Thread.run(Thread.java:833)
Caused by: java.util.concurrent.CancellationException
	at java.util.concurrent.CompletableFuture.cancel(CompletableFuture.java:2478)
	at org.eclipse.lsp4j.jsonrpc.RemoteEndpoint$1.cancel(RemoteEndpoint.java:151)
	at scala.meta.internal.metals.BuildServerConnection.$anonfun$register$2(BuildServerConnection.scala:425)
	at scala.runtime.java8.JFunction0$mcZ$sp.apply(JFunction0$mcZ$sp.scala:17)
	at scala.util.Try$.apply(Try.scala:210)
	at scala.meta.internal.metals.BuildServerConnection.$anonfun$register$1(BuildServerConnection.scala:425)
	at scala.meta.internal.metals.Cancelable$$anon$1.cancel(Cancelable.scala:18)
	at scala.meta.internal.metals.Cancelable$.$anonfun$cancelAll$1(Cancelable.scala:29)
	at scala.collection.immutable.List.foreach(List.scala:333)
	at scala.meta.internal.metals.Cancelable$.cancelAll(Cancelable.scala:28)
	at scala.meta.internal.metals.MutableCancelable.cancel(MutableCancelable.scala:25)
	at scala.meta.internal.metals.BuildServerConnection.cancel(BuildServerConnection.scala:365)
	at scala.meta.internal.metals.BuildServerConnection.$anonfun$shutdown$1(BuildServerConnection.scala:157)
	at scala.meta.internal.metals.BuildServerConnection.$anonfun$shutdown$1$adapted(BuildServerConnection.scala:149)
	at scala.concurrent.impl.Promise$Transformation.run(Promise.scala:467)
	at java.util.concurrent.ThreadPoolExecutor.runWorker(ThreadPoolExecutor.java:1136)
	at java.util.concurrent.ThreadPoolExecutor$Worker.run(ThreadPoolExecutor.java:635)
	at java.lang.Thread.run(Thread.java:833)

2024.01.03 22:36:26 INFO  Exiting server
